<?xml version="1.0" encoding="UTF-8"?>
<!-- Generated by org.testng.reporters.JUnitXMLReporter -->
<testsuite hostname="DESKTOP-12QFEO0" name="Test" tests="3" failures="1" timestamp="7 Jun 2018 18:02:18 GMT" time="35.53" errors="0">
  <testcase name="ebayTest" time="9.604" classname="SeleniumTest.ebay.tests.EBayTest"/>
  <testcase name="gmailTest" time="7.035" classname="SeleniumTest.gmail.tests.GMailTest"/>
  <testcase name="gmailTest" time="2.405" classname="SeleniumTest.gmail.tests.FailedLoginTest">
    <failure type="java.lang.AssertionError" message="Login Failed expected [false] but found [true]">
      <![CDATA[java.lang.AssertionError: Login Failed expected [false] but found [true]
	at SeleniumTest.gmail.tests.FailedLoginTest.gmailTest(FailedLoginTest.java:30)
... Removed 27 stack frames]]>
    </failure>
  </testcase> <!-- gmailTest -->
</testsuite> <!-- Test -->
