<?xml version="1.0" encoding="UTF-8"?>
<testng-results skipped="0" failed="1" total="3" passed="2">
  <reporter-output>
  </reporter-output>
  <suite name="Suite" duration-ms="36688" started-at="2018-06-11T15:56:24Z" finished-at="2018-06-11T15:57:00Z">
    <groups>
    </groups>
    <test name="Test" duration-ms="36688" started-at="2018-06-11T15:56:24Z" finished-at="2018-06-11T15:57:00Z">
      <class name="SeleniumTest.gmail.tests.GMailTest">
        <test-method status="PASS" signature="before()[pri:0, instance:SeleniumTest.gmail.tests.GMailTest@8bd1b6a]" name="before" is-config="true" duration-ms="3982" started-at="2018-06-11T12:56:39Z" finished-at="2018-06-11T12:56:43Z">
          <reporter-output>
          </reporter-output>
        </test-method> <!-- before -->
        <test-method status="PASS" signature="gmailAccountTest()[pri:0, instance:SeleniumTest.gmail.tests.GMailTest@8bd1b6a]" name="gmailAccountTest" duration-ms="8973" started-at="2018-06-11T12:56:43Z" finished-at="2018-06-11T12:56:52Z">
          <reporter-output>
          </reporter-output>
        </test-method> <!-- gmailAccountTest -->
        <test-method status="PASS" signature="destroy()[pri:0, instance:SeleniumTest.gmail.tests.GMailTest@8bd1b6a]" name="destroy" is-config="true" duration-ms="836" started-at="2018-06-11T12:56:52Z" finished-at="2018-06-11T12:56:52Z">
          <reporter-output>
          </reporter-output>
        </test-method> <!-- destroy -->
        <test-method status="PASS" signature="before()[pri:0, instance:SeleniumTest.gmail.tests.GMailTest@8bd1b6a]" name="before" is-config="true" duration-ms="3953" started-at="2018-06-11T12:56:52Z" finished-at="2018-06-11T12:56:56Z">
          <reporter-output>
          </reporter-output>
        </test-method> <!-- before -->
        <test-method status="FAIL" signature="failedLoginTest()[pri:0, instance:SeleniumTest.gmail.tests.GMailTest@8bd1b6a]" name="failedLoginTest" duration-ms="3132" started-at="2018-06-11T12:56:56Z" depends-on-methods="SeleniumTest.gmail.tests.GMailTest.gmailAccountTest" finished-at="2018-06-11T12:57:00Z">
          <exception class="java.lang.AssertionError">
            <message>
              <![CDATA[Login Failed expected [false] but found [true]]]>
            </message>
            <full-stacktrace>
              <![CDATA[java.lang.AssertionError: Login Failed expected [false] but found [true]
	at org.testng.Assert.fail(Assert.java:94)
	at org.testng.Assert.failNotEquals(Assert.java:494)
	at org.testng.Assert.assertFalse(Assert.java:63)
	at SeleniumTest.gmail.tests.GMailTest.failedLoginTest(GMailTest.java:50)
	at sun.reflect.NativeMethodAccessorImpl.invoke0(Native Method)
	at sun.reflect.NativeMethodAccessorImpl.invoke(NativeMethodAccessorImpl.java:62)
	at sun.reflect.DelegatingMethodAccessorImpl.invoke(DelegatingMethodAccessorImpl.java:43)
	at java.lang.reflect.Method.invoke(Method.java:498)
	at org.testng.internal.MethodInvocationHelper.invokeMethod(MethodInvocationHelper.java:80)
	at org.testng.internal.Invoker.invokeMethod(Invoker.java:714)
	at org.testng.internal.Invoker.invokeTestMethod(Invoker.java:901)
	at org.testng.internal.Invoker.invokeTestMethods(Invoker.java:1231)
	at org.testng.internal.TestMethodWorker.invokeTestMethods(TestMethodWorker.java:127)
	at org.testng.internal.TestMethodWorker.run(TestMethodWorker.java:111)
	at org.testng.TestRunner.privateRun(TestRunner.java:767)
	at org.testng.TestRunner.run(TestRunner.java:617)
	at org.testng.SuiteRunner.runTest(SuiteRunner.java:334)
	at org.testng.SuiteRunner.runSequentially(SuiteRunner.java:329)
	at org.testng.SuiteRunner.privateRun(SuiteRunner.java:291)
	at org.testng.SuiteRunner.run(SuiteRunner.java:240)
	at org.testng.SuiteRunnerWorker.runSuite(SuiteRunnerWorker.java:52)
	at org.testng.SuiteRunnerWorker.run(SuiteRunnerWorker.java:86)
	at org.testng.TestNG.runSuitesSequentially(TestNG.java:1198)
	at org.testng.TestNG.runSuitesLocally(TestNG.java:1123)
	at org.testng.TestNG.run(TestNG.java:1031)
	at org.testng.remote.AbstractRemoteTestNG.run(AbstractRemoteTestNG.java:114)
	at org.testng.remote.RemoteTestNG.initAndRun(RemoteTestNG.java:251)
	at org.testng.remote.RemoteTestNG.main(RemoteTestNG.java:77)
]]>
            </full-stacktrace>
          </exception> <!-- java.lang.AssertionError -->
          <reporter-output>
          </reporter-output>
        </test-method> <!-- failedLoginTest -->
        <test-method status="PASS" signature="destroy()[pri:0, instance:SeleniumTest.gmail.tests.GMailTest@8bd1b6a]" name="destroy" is-config="true" duration-ms="793" started-at="2018-06-11T12:57:00Z" finished-at="2018-06-11T12:57:00Z">
          <reporter-output>
          </reporter-output>
        </test-method> <!-- destroy -->
      </class> <!-- SeleniumTest.gmail.tests.GMailTest -->
      <class name="SeleniumTest.ebay.tests.EBayTest">
        <test-method status="PASS" signature="before()[pri:0, instance:SeleniumTest.ebay.tests.EBayTest@482f8f11]" name="before" is-config="true" duration-ms="9316" started-at="2018-06-11T12:56:24Z" finished-at="2018-06-11T12:56:33Z">
          <reporter-output>
          </reporter-output>
        </test-method> <!-- before -->
        <test-method status="PASS" signature="ebayTest()[pri:0, instance:SeleniumTest.ebay.tests.EBayTest@482f8f11]" name="ebayTest" duration-ms="4871" started-at="2018-06-11T12:56:33Z" finished-at="2018-06-11T12:56:38Z">
          <reporter-output>
          </reporter-output>
        </test-method> <!-- ebayTest -->
        <test-method status="PASS" signature="destroy()[pri:0, instance:SeleniumTest.ebay.tests.EBayTest@482f8f11]" name="destroy" is-config="true" duration-ms="821" started-at="2018-06-11T12:56:38Z" finished-at="2018-06-11T12:56:39Z">
          <reporter-output>
          </reporter-output>
        </test-method> <!-- destroy -->
      </class> <!-- SeleniumTest.ebay.tests.EBayTest -->
    </test> <!-- Test -->
  </suite> <!-- Suite -->
</testng-results>
